<?xml version="1.0" encoding="UTF-8"?>
<!-- Generated by org.testng.reporters.JUnitReportReporter -->
<testsuite hostname="DESKTOP-KS0FI3D" failures="0" tests="6" name="Testing.Testng" time="0.019" errors="0" timestamp="2022-04-18T08:15:41 IST" skipped="0">
  <testcase classname="Testing.Testng" name="testcase5" time="0.001"/>
  <system-out/>
  <testcase classname="Testing.Testng" name="testcase3" time="0.002"/>
  <system-out/>
  <testcase classname="Testing.Testng" name="testcase1" time="0.012"/>
  <system-out/>
  <testcase classname="Testing.Testng" name="testcase6" time="0.001"/>
  <system-out/>
  <testcase classname="Testing.Testng" name="testcase4" time="0.002"/>
  <system-out/>
  <testcase classname="Testing.Testng" name="testcase2" time="0.001"/>
  <system-out/>
</testsuite> <!-- Testing.Testng -->
