<?xml version="1.0" encoding="UTF-8"?>
<!-- Generated by org.testng.reporters.JUnitReportReporter -->
<testsuite hostname="DESKTOP-KS0FI3D" failures="0" tests="1" name="Testing.GridDemo" time="6.329" errors="0" timestamp="2022-04-15T12:25:23 IST" skipped="0">
  <testcase classname="Testing.GridDemo" name="testmethod1" time="6.329"/>
  <system-out/>
</testsuite> <!-- Testing.GridDemo -->
