<?xml version="1.0" encoding="UTF-8"?>
<!-- Generated by org.testng.reporters.JUnitReportReporter -->
<testsuite hostname="DESKTOP-KS0FI3D" failures="0" tests="3" name="seleniumscriptsday4.TestNGDemo" time="0.029" errors="0" timestamp="2022-04-14T12:38:14 IST" skipped="0">
  <testcase classname="seleniumscriptsday4.TestNGDemo" name="ligin" time="0.002"/>
  <system-out/>
  <testcase classname="seleniumscriptsday4.TestNGDemo" name="SendEmail" time="0.010"/>
  <system-out/>
  <testcase classname="seleniumscriptsday4.TestNGDemo" name="ComposeEmail" time="0.017"/>
  <system-out/>
</testsuite> <!-- seleniumscriptsday4.TestNGDemo -->
